<?xml version="1.0" encoding="UTF-8"?>
<testng-results ignored="0" total="6" passed="6" failed="0" skipped="0">
  <reporter-output>
  </reporter-output>
  <suite started-at="2024-12-19T16:25:38 IST" name="Suite" finished-at="2024-12-19T16:25:53 IST" duration-ms="14544">
    <groups>
    </groups>
    <test started-at="2024-12-19T16:25:38 IST" name="Test1" finished-at="2024-12-19T16:25:46 IST" duration-ms="7801">
      <class name="testng2.TestngwithparametersinXML">
        <test-method is-config="true" signature="launcbrowserdriver()[pri:0, instance:testng2.TestngwithparametersinXML@7f0eb4b4]" started-at="2024-12-19T16:25:38 IST" name="launcbrowserdriver" finished-at="2024-12-19T16:25:41 IST" duration-ms="2043" status="PASS">
          <reporter-output>
          </reporter-output>
        </test-method> <!-- launcbrowserdriver -->
        <test-method signature="navigateurl()[pri:1, instance:testng2.TestngwithparametersinXML@7f0eb4b4]" started-at="2024-12-19T16:25:41 IST" name="navigateurl" finished-at="2024-12-19T16:25:43 IST" duration-ms="2032" status="PASS">
          <reporter-output>
          </reporter-output>
        </test-method> <!-- navigateurl -->
        <test-method signature="pageinfo()[pri:2, instance:testng2.TestngwithparametersinXML@7f0eb4b4]" started-at="2024-12-19T16:25:43 IST" name="pageinfo" finished-at="2024-12-19T16:25:43 IST" duration-ms="34" status="PASS">
          <reporter-output>
          </reporter-output>
        </test-method> <!-- pageinfo -->
        <test-method signature="searchproduct(java.lang.String,java.lang.String)[pri:3, instance:testng2.TestngwithparametersinXML@7f0eb4b4]" started-at="2024-12-19T16:25:43 IST" name="searchproduct" finished-at="2024-12-19T16:25:46 IST" duration-ms="3430" status="PASS">
          <params>
            <param index="0">
              <value>
                <![CDATA[iphone]]>
              </value>
            </param>
            <param index="1">
              <value>
                <![CDATA[Cell Phones & Accessories]]>
              </value>
            </param>
          </params>
          <reporter-output>
          </reporter-output>
        </test-method> <!-- searchproduct -->
        <test-method is-config="true" signature="closebrowser()[pri:0, instance:testng2.TestngwithparametersinXML@7f0eb4b4]" started-at="2024-12-19T16:25:46 IST" name="closebrowser" finished-at="2024-12-19T16:25:46 IST" duration-ms="212" status="PASS">
          <reporter-output>
          </reporter-output>
        </test-method> <!-- closebrowser -->
      </class> <!-- testng2.TestngwithparametersinXML -->
    </test> <!-- Test1 -->
    <test started-at="2024-12-19T16:25:46 IST" name="Test2" finished-at="2024-12-19T16:25:53 IST" duration-ms="6690">
      <class name="testng2.TestngwithparametersinXML">
        <test-method is-config="true" signature="launcbrowserdriver()[pri:0, instance:testng2.TestngwithparametersinXML@a1153bc]" started-at="2024-12-19T16:25:46 IST" name="launcbrowserdriver" finished-at="2024-12-19T16:25:47 IST" duration-ms="1041" status="PASS">
          <reporter-output>
          </reporter-output>
        </test-method> <!-- launcbrowserdriver -->
        <test-method signature="navigateurl()[pri:1, instance:testng2.TestngwithparametersinXML@a1153bc]" started-at="2024-12-19T16:25:47 IST" name="navigateurl" finished-at="2024-12-19T16:25:49 IST" duration-ms="1938" status="PASS">
          <reporter-output>
          </reporter-output>
        </test-method> <!-- navigateurl -->
        <test-method signature="pageinfo()[pri:2, instance:testng2.TestngwithparametersinXML@a1153bc]" started-at="2024-12-19T16:25:49 IST" name="pageinfo" finished-at="2024-12-19T16:25:49 IST" duration-ms="19" status="PASS">
          <reporter-output>
          </reporter-output>
        </test-method> <!-- pageinfo -->
        <test-method signature="searchproduct(java.lang.String,java.lang.String)[pri:3, instance:testng2.TestngwithparametersinXML@a1153bc]" started-at="2024-12-19T16:25:49 IST" name="searchproduct" finished-at="2024-12-19T16:25:53 IST" duration-ms="3464" status="PASS">
          <params>
            <param index="0">
              <value>
                <![CDATA[smasung]]>
              </value>
            </param>
            <param index="1">
              <value>
                <![CDATA[Cell Phones & Accessories]]>
              </value>
            </param>
          </params>
          <reporter-output>
          </reporter-output>
        </test-method> <!-- searchproduct -->
        <test-method is-config="true" signature="closebrowser()[pri:0, instance:testng2.TestngwithparametersinXML@a1153bc]" started-at="2024-12-19T16:25:53 IST" name="closebrowser" finished-at="2024-12-19T16:25:53 IST" duration-ms="219" status="PASS">
          <reporter-output>
          </reporter-output>
        </test-method> <!-- closebrowser -->
      </class> <!-- testng2.TestngwithparametersinXML -->
    </test> <!-- Test2 -->
  </suite> <!-- Suite -->
</testng-results>
