<?xml version="1.0" encoding="UTF-8"?>
<!-- Generated by org.testng.reporters.JUnitXMLReporter -->
<testsuite ignored="0" hostname="DESKTOP-3M92PDJ" failures="0" tests="3" name="Test1" time="7.801" errors="0" timestamp="2024-12-19T16:25:46 IST">
  <testcase classname="testng2.TestngwithparametersinXML" name="navigateurl" time="2.032"/>
  <testcase classname="testng2.TestngwithparametersinXML" name="pageinfo" time="0.034"/>
  <testcase classname="testng2.TestngwithparametersinXML" name="searchproduct" time="3.43"/>
</testsuite> <!-- Test1 -->
