<?xml version="1.0" encoding="UTF-8"?>
<!-- Generated by org.testng.reporters.JUnitXMLReporter -->
<testsuite ignored="0" hostname="DESKTOP-3M92PDJ" failures="0" tests="3" name="Test2" time="6.69" errors="0" timestamp="2024-12-19T16:25:53 IST">
  <testcase classname="testng2.TestngwithparametersinXML" name="navigateurl" time="1.938"/>
  <testcase classname="testng2.TestngwithparametersinXML" name="pageinfo" time="0.019"/>
  <testcase classname="testng2.TestngwithparametersinXML" name="searchproduct" time="3.464"/>
</testsuite> <!-- Test2 -->
